#
# There is insufficient memory for the Java Runtime Environment to continue.
# Native memory allocation (malloc) failed to allocate 1048576 bytes for AllocateHeap
# Possible reasons:
#   The system is out of physical RAM or swap space
#   The process is running with CompressedOops enabled, and the Java Heap may be blocking the growth of the native heap
# Possible solutions:
#   Reduce memory load on the system
#   Increase physical memory or swap space
#   Check if swap backing store is full
#   Decrease Java heap size (-Xmx/-Xms)
#   Decrease number of Java threads
#   Decrease Java thread stack sizes (-Xss)
#   Set larger code cache with -XX:ReservedCodeCacheSize=
#   JVM is running with Zero Based Compressed Oops mode in which the Java heap is
#     placed in the first 32GB address space. The Java Heap base address is the
#     maximum limit for the native heap growth. Please use -XX:HeapBaseMinAddress
#     to set the Java Heap base and to place the Java Heap above 32GB virtual address.
# This output file may be truncated or incomplete.
#
#  Out of Memory Error (memory/allocation.inline.hpp:61), pid=36560, tid=0x0000000000007340
#
# JRE version:  (8.0_412-b08) (build )
# Java VM: OpenJDK 64-Bit Server VM (25.412-b08 mixed mode windows-amd64 compressed oops)
# Failed to write core dump. Minidumps are not enabled by default on client versions of Windows
#

---------------  T H R E A D  ---------------

Current thread (0x00000169dc46a000):  JavaThread "Unknown thread" [_thread_in_vm, id=29504, stack(0x0000004003900000,0x0000004003a00000)]

Stack: [0x0000004003900000,0x0000004003a00000]
[error occurred during error reporting (printing stack bounds), id 0xc0000005]

Native frames: (J=compiled Java code, j=interpreted, Vv=VM code, C=native code)


---------------  P R O C E S S  ---------------

Java Threads: ( => current thread )

Other Threads:

=>0x00000169dc46a000 (exited) JavaThread "Unknown thread" [_thread_in_vm, id=29504, stack(0x0000004003900000,0x0000004003a00000)]

VM state:not at safepoint (normal execution)

VM Mutex/Monitor currently owned by a thread: None

heap address: 0x00000005c2e00000, size: 8146 MB, Compressed Oops mode: Zero based, Oop shift amount: 3
Narrow klass base: 0x0000000000000000, Narrow klass shift: 3
Compressed class space size: 1073741824 Address: 0x00000007c0000000

Heap:
 PSYoungGen      total 152576K, used 2621K [0x0000000716500000, 0x0000000720f00000, 0x00000007c0000000)
  eden space 131072K, 2% used [0x0000000716500000,0x000000071678f5d0,0x000000071e500000)
  from space 21504K, 0% used [0x000000071fa00000,0x000000071fa00000,0x0000000720f00000)
  to   space 21504K, 0% used [0x000000071e500000,0x000000071e500000,0x000000071fa00000)
 ParOldGen       total 348160K, used 0K [0x00000005c2e00000, 0x00000005d8200000, 0x0000000716500000)
  object space 348160K, 0% used [0x00000005c2e00000,0x00000005c2e00000,0x00000005d8200000)
 Metaspace       used 779K, capacity 4480K, committed 4480K, reserved 1056768K
  class space    used 76K, capacity 384K, committed 384K, reserved 1048576K

Card table byte_map: [0x00000169ed1e0000,0x00000169ee1d0000] byte_map_base: 0x00000169ea3c9000

Marking Bits: (ParMarkBitMap*) 0x000000006e923810
 Begin Bits: [0x00000169eec70000, 0x00000169f6bb8000)
 End Bits:   [0x00000169f6bb8000, 0x00000169feb00000)

Polling page: 0x00000169dc5b0000

CodeCache: size=245760Kb used=328Kb max_used=328Kb free=245431Kb
 bounds [0x00000169dde20000, 0x00000169de090000, 0x00000169ece20000]
 total_blobs=57 nmethods=0 adapters=38
 compilation: enabled

Compilation events (0 events):
No events

GC Heap History (0 events):
No events

Deoptimization events (0 events):
No events

Classes redefined (0 events):
No events

Internal exceptions (0 events):
No events

Events (10 events):
Event: 0.013 loading class java/lang/Short
Event: 0.013 loading class java/lang/Short done
Event: 0.013 loading class java/lang/Integer
Event: 0.013 loading class java/lang/Integer done
Event: 0.013 loading class java/lang/Long
Event: 0.013 loading class java/lang/Long done
Event: 0.014 loading class java/lang/NullPointerException
Event: 0.014 loading class java/lang/NullPointerException done
Event: 0.014 loading class java/lang/ArithmeticException
Event: 0.014 loading class java/lang/ArithmeticException done


Dynamic libraries:
0x00007ff6b7000000 - 0x00007ff6b7046000 	C:\Users\Administrator\.jdks\corretto-1.8.0_412\bin\java.exe
0x00007ffc03cf0000 - 0x00007ffc03f07000 	C:\Windows\SYSTEM32\ntdll.dll
0x00007ffbae200000 - 0x00007ffbae21a000 	C:\Program Files\Avast Software\Avast\aswhook.dll
0x00007ffc02880000 - 0x00007ffc02944000 	C:\Windows\System32\KERNEL32.DLL
0x00007ffc01390000 - 0x00007ffc0174a000 	C:\Windows\System32\KERNELBASE.dll
0x00007ffc029a0000 - 0x00007ffc02a52000 	C:\Windows\System32\ADVAPI32.dll
0x00007ffc019e0000 - 0x00007ffc01a87000 	C:\Windows\System32\msvcrt.dll
0x00007ffc02a60000 - 0x00007ffc02b07000 	C:\Windows\System32\sechost.dll
0x00007ffc01240000 - 0x00007ffc01268000 	C:\Windows\System32\bcrypt.dll
0x00007ffc02700000 - 0x00007ffc02814000 	C:\Windows\System32\RPCRT4.dll
0x00007ffc01db0000 - 0x00007ffc01f5e000 	C:\Windows\System32\USER32.dll
0x00007ffc019b0000 - 0x00007ffc019d6000 	C:\Windows\System32\win32u.dll
0x00007ffc01c70000 - 0x00007ffc01c99000 	C:\Windows\System32\GDI32.dll
0x00007ffc01270000 - 0x00007ffc0138b000 	C:\Windows\System32\gdi32full.dll
0x00007ffc01030000 - 0x00007ffc010ca000 	C:\Windows\System32\msvcp_win.dll
0x00007ffc01890000 - 0x00007ffc019a1000 	C:\Windows\System32\ucrtbase.dll
0x00007ffbf1d60000 - 0x00007ffbf1ff2000 	C:\Windows\WinSxS\amd64_microsoft.windows.common-controls_6595b64144ccf1df_6.0.22621.4541_none_2710d1c57384c085\COMCTL32.dll
0x00007ffc026b0000 - 0x00007ffc026e1000 	C:\Windows\System32\IMM32.DLL
0x00007ffbfb230000 - 0x00007ffbfb245000 	C:\Users\Administrator\.jdks\corretto-1.8.0_412\jre\bin\vcruntime140.dll
0x00007ffbef110000 - 0x00007ffbef1ab000 	C:\Users\Administrator\.jdks\corretto-1.8.0_412\jre\bin\msvcp140.dll
0x000000006e140000 - 0x000000006e99c000 	C:\Users\Administrator\.jdks\corretto-1.8.0_412\jre\bin\server\jvm.dll
0x00007ffc01b90000 - 0x00007ffc01b98000 	C:\Windows\System32\PSAPI.DLL
0x00007ffbc1880000 - 0x00007ffbc1889000 	C:\Windows\SYSTEM32\WSOCK32.dll
0x00007ffbf53c0000 - 0x00007ffbf53f4000 	C:\Windows\SYSTEM32\WINMM.dll
0x00007ffc01f60000 - 0x00007ffc01fd1000 	C:\Windows\System32\WS2_32.dll
0x00007ffbf9ee0000 - 0x00007ffbf9eea000 	C:\Windows\SYSTEM32\VERSION.dll
0x00007ffc000a0000 - 0x00007ffc000b8000 	C:\Windows\SYSTEM32\kernel.appcore.dll
0x00007ffbfe170000 - 0x00007ffbfe180000 	C:\Users\Administrator\.jdks\corretto-1.8.0_412\jre\bin\verify.dll
0x00007ffbf2050000 - 0x00007ffbf207b000 	C:\Users\Administrator\.jdks\corretto-1.8.0_412\jre\bin\java.dll
0x00007ffbeedc0000 - 0x00007ffbeedf2000 	C:\Users\Administrator\.jdks\corretto-1.8.0_412\jre\bin\instrument.dll
0x00007ffbf0d00000 - 0x00007ffbf0d18000 	C:\Users\Administrator\.jdks\corretto-1.8.0_412\jre\bin\zip.dll

VM Arguments:
jvm_args: -javaagent:D:\software\IntelliJ IDEA 2021.1.3\lib\idea_rt.jar=62098:D:\software\IntelliJ IDEA 2021.1.3\bin -Dfile.encoding=UTF-8 
java_command: javaprogramming.commonmistakes.alg.PossibleReordering
java_class_path (initial): C:\Users\Administrator\.jdks\corretto-1.8.0_412\jre\lib\charsets.jar;C:\Users\Administrator\.jdks\corretto-1.8.0_412\jre\lib\ext\access-bridge-64.jar;C:\Users\Administrator\.jdks\corretto-1.8.0_412\jre\lib\ext\cldrdata.jar;C:\Users\Administrator\.jdks\corretto-1.8.0_412\jre\lib\ext\dnsns.jar;C:\Users\Administrator\.jdks\corretto-1.8.0_412\jre\lib\ext\jaccess.jar;C:\Users\Administrator\.jdks\corretto-1.8.0_412\jre\lib\ext\jfxrt.jar;C:\Users\Administrator\.jdks\corretto-1.8.0_412\jre\lib\ext\localedata.jar;C:\Users\Administrator\.jdks\corretto-1.8.0_412\jre\lib\ext\nashorn.jar;C:\Users\Administrator\.jdks\corretto-1.8.0_412\jre\lib\ext\sunec.jar;C:\Users\Administrator\.jdks\corretto-1.8.0_412\jre\lib\ext\sunjce_provider.jar;C:\Users\Administrator\.jdks\corretto-1.8.0_412\jre\lib\ext\sunmscapi.jar;C:\Users\Administrator\.jdks\corretto-1.8.0_412\jre\lib\ext\sunpkcs11.jar;C:\Users\Administrator\.jdks\corretto-1.8.0_412\jre\lib\ext\zipfs.jar;C:\Users\Administrator\.jdks\corretto-1.8.0_412\jre\lib\jce.jar;C:\Users\Administrator\.jdks\corretto-1.8.0_412\jre\lib\jfr.jar;C:\Users\Administrator\.jdks\corretto-1.8.0_412\jre\lib\jfxswt.jar;C:\Users\Administrator\.jdks\corretto-1.8.0_412\jre\lib\jsse.jar;C:\Users\Administrator\.jdks\corretto-1.8.0_412\jre\lib\management-agent.jar;C:\Users\Administrator\.jdks\corretto-1.8.0_412\jre\lib\resources.jar;C:\Users\Administrator\.jdks\corretto-1.8.0_412\jre\lib\rt.jar;D:\study\java-common-mistakes\target\classes;C:\Users\Administrator\.m2\repository\org\springframework\boot\spring-boot-starter-web\2.2.1.RELEASE\spring-boot-starter-web-2.2.1.RELEASE.jar;C:\Users\Administrator\.m2\repository\org\springframework\boot\spring-boot-starter\2.2.1.RELEASE\spring-boot-starter-2.2.1.RELEASE.jar;C:\Users\Administrator\.m2\repository\org\springframework\boot\spring-boot\2.2.1.RELEASE\spring-boot-2.2.1.RELEASE.jar;C:\Users\Administrator\.m2\repository\org\springframework\boot\spring-boot-starter-logging\2.2.1.RELEASE\spri
Launcher Type: SUN_STANDARD

Environment Variables:
JAVA_HOME=C:\Program Files\Java\jdk1.8.0_151\bin
CLASSPATH=.;%JAVA_HOME%\lib;%JAVA_HOME%\lib\dt.jar;%JAVA_HOME%\lib\tools.jar
PATH=C:\Program Files\Java\jdk1.8.0_151\bin;C:\Program Files\Java\jre1.8.0_151\bin;C:\Program Files (x86)\Common Files\Oracle\Java\javapath;C:\Windows\system32;C:\Windows;C:\Windows\System32\Wbem;C:\Windows\System32\WindowsPowerShell\v1.0\;C:\Windows\System32\OpenSSH\;C:\Program Files (x86)\NVIDIA Corporation\PhysX\Common;C:\Program Files\NVIDIA Corporation\NVIDIA NvDLISR;C:\Program Files\dotnet\;D:\software\bandzip\Bandizip;D:\software\Git\cmd;D:\software\mysql-5.7.36-winx64\mysql-5.7.36-winx64\bin;D:\software\Redis-x64-5.0.14.1;D:\software\;C:\Program Files\Docker\Docker\resources\bin;D:\software\apache-maven-3.9.7-bin\apache-maven-3.9.7\bin;c:\Users\Administrator\AppData\Local\Programs\cursor\resources\app\bin;D:\study\redis\openresty-1.25.3.1-win64;C:\Program Files (x86)\GnuWin32\bin;E:\AndroidSdk\platform-tools;E:\AndroidSdk\ndk\28.0.12674087\;"C:\Users\Administrator\.gradle\wrapper\dists\gradle-8.9-bin\78qddjpeqn5v6yec3xb8kv9ca\gradle-8.9\bin;";E:\Ksoftware\python27;E:\Ksoftware\python27\Scripts;C:\Users\Administrator\AppData\Local\Microsoft\WindowsApps;C:\Users\Administrator\AppData\Local\Microsoft\WinGet\Links;C:\Users\Administrator\AppData\Roaming\npm;D:\study\redis\openresty-1.25.3.1-win64;C:\Program Files (x86)\GnuWin32\bin
USERNAME=Administrator
OS=Windows_NT
PROCESSOR_IDENTIFIER=Intel64 Family 6 Model 151 Stepping 2, GenuineIntel



---------------  S Y S T E M  ---------------

OS: Windows 11 , 64 bit Build 22621 (10.0.22621.4391)

CPU:total 16 (initial active 16) (8 cores per cpu, 2 threads per core) family 6 model 151 stepping 2, cmov, cx8, fxsr, mmx, sse, sse2, sse3, ssse3, sse4.1, sse4.2, popcnt, avx, avx2, aes, clmul, erms, 3dnowpref, lzcnt, ht, tsc, tscinvbit, bmi1, bmi2, adx

Memory: 4k page, physical 33363376k(2619432k free), swap 74677256k(5580k free)

vm_info: OpenJDK 64-Bit Server VM (25.412-b08) for windows-amd64 JRE (1.8.0_412-b08), built on Apr 10 2024 19:24:07 by "Administrator" with MS VC++ 15.9 (VS2017)

time: Sat Feb  1 21:44:22 2025
timezone: Intel64 Family 6 Model 151 Stepping 2, GenuineIntel
elapsed time: 0.016474 seconds (0d 0h 0m 0s)

